<?xml version="1.0" encoding="UTF-8"?>
<testsuite xmlns:xsi="http://www.w3.org/2001/XMLSchema-instance" xsi:noNamespaceSchemaLocation="https://maven.apache.org/surefire/maven-surefire-plugin/xsd/surefire-test-report-3.0.xsd" version="3.0" name="com.nagarro.SpringBootDockerDemoApplicationTests" time="3.248" tests="1" errors="0" skipped="0" failures="0">
  <properties>
[...]
</properties>
  <testcase name="contextLoads" classname="com.nagarro.SpringBootDockerDemoApplicationTests" time="1.098">
    <system-out><![CDATA[16:51:17.934 [main] INFO org.springframework.test.context.support.AnnotationConfigContextLoaderUtils -- Could not detect default configuration classes for test class [com.nagarro.SpringBootDockerDemoApplicationTests]: SpringBootDockerDemoApplicationTests does not declare any static, non-private, non-final, nested classes annotated with @Configuration.
16:51:18.057 [main] INFO org.springframework.boot.test.context.SpringBootTestContextBootstrapper -- Found @SpringBootConfiguration com.nagarro.SpringBootDockerDemoApplication for test class com.nagarro.SpringBootDockerDemoApplicationTests
16:51:18.265 [main] INFO org.springframework.boot.devtools.restart.RestartApplicationListener -- Restart disabled due to context in which it is running

  .   ____          _            __ _ _
 /\\ / ___'_ __ _ _(_)_ __  __ _ \ \ \ \
( ( )\___ | '_ | '_| | '_ \/ _` | \ \ \ \
 \\/  ___)| |_)| | | | | || (_| |  ) ) ) )
  '  |____| .__|_| |_|_| |_\__, | / / / /
 =========|_|==============|___/=/_/_/_/

 :: Spring Boot ::                (v3.3.4)

2024-09-27T16:51:18.545+05:30  INFO 2272 --- [SpringBoot-Docker-Demo] [           main] c.n.SpringBootDockerDemoApplicationTests : Starting SpringBootDockerDemoApplicationTests using Java 17.0.2 with PID 2272 (started by buddhanaveen in C:\Users\buddhanaveen\eclipse-workspace\SpringBoot-Docker-Demo)
2024-09-27T16:51:18.547+05:30  INFO 2272 --- [SpringBoot-Docker-Demo] [           main] c.n.SpringBootDockerDemoApplicationTests : No active profile set, falling back to 1 default profile: "default"
2024-09-27T16:51:19.874+05:30  INFO 2272 --- [SpringBoot-Docker-Demo] [           main] c.n.SpringBootDockerDemoApplicationTests : Started SpringBootDockerDemoApplicationTests in 1.624 seconds (process running for 3.992)
]]></system-out>
  </testcase>
</testsuite>